Using pre-set license
Built from '2020.2/release' branch; Version is '2020.2.1f1 (270dd8c3da1c) revision 2559448'; Using compiler version '192528614'; Build Type 'Release'
OS: 'Windows 10  (10.0.0) 64bit' Language: 'en' Physical Memory: 16333 MB
BatchMode: 1, IsHumanControllingUs: 0, StartBugReporterOnCrash: 0, Is64bit: 1, IsPro: 0

 COMMAND LINE ARGUMENTS:
C:\Program Files\Unity\Hub\Editor\2020.2.1f1\Editor\Unity.exe
-adb2
-batchMode
-noUpm
-name
AssetImportWorker0
-projectPath
C:/Users/bello/Documents/GitHub/Donut-Destroyer/Donut Destroyer
-logFile
Logs/AssetImportWorker0.log
-srvPort
57649
Successfully changed project path to: C:/Users/bello/Documents/GitHub/Donut-Destroyer/Donut Destroyer
C:/Users/bello/Documents/GitHub/Donut-Destroyer/Donut Destroyer
Using Asset Import Pipeline V2.
Refreshing native plugins compatible for Editor in 33.37 ms, found 1 plugins.
Preloading 0 native plugins for Editor in 0.00 ms.
Initialize engine version: 2020.2.1f1 (270dd8c3da1c)
[Subsystems] Discovering subsystems at path C:/Program Files/Unity/Hub/Editor/2020.2.1f1/Editor/Data/Resources/UnitySubsystems
[Subsystems] Discovering subsystems at path C:/Users/bello/Documents/GitHub/Donut-Destroyer/Donut Destroyer/Assets
GfxDevice: creating device client; threaded=0
Direct3D:
    Version:  Direct3D 11.0 [level 11.1]
    Renderer: NVIDIA GeForce RTX 2070 SUPER (ID=0x1e84)
    Vendor:   
    VRAM:     8011 MB
    Driver:   27.21.14.6089
Initialize mono
Mono path[0] = 'C:/Program Files/Unity/Hub/Editor/2020.2.1f1/Editor/Data/Managed'
Mono path[1] = 'C:/Program Files/Unity/Hub/Editor/2020.2.1f1/Editor/Data/MonoBleedingEdge/lib/mono/unityjit'
Mono config path = 'C:/Program Files/Unity/Hub/Editor/2020.2.1f1/Editor/Data/MonoBleedingEdge/etc'
Using monoOptions --debugger-agent=transport=dt_socket,embedding=1,server=y,suspend=n,address=127.0.0.1:56572
Begin MonoManager ReloadAssembly
Registering precompiled unity dll's ...
Register platform support module: C:/Program Files/Unity/Hub/Editor/2020.2.1f1/Editor/Data/PlaybackEngines/WebGLSupport/UnityEditor.WebGL.Extensions.dll
Register platform support module: C:/Program Files/Unity/Hub/Editor/2020.2.1f1/Editor/Data/PlaybackEngines/MacStandaloneSupport/UnityEditor.OSXStandalone.Extensions.dll
Register platform support module: C:/Program Files/Unity/Hub/Editor/2020.2.1f1/Editor/Data/PlaybackEngines/WindowsStandaloneSupport/UnityEditor.WindowsStandalone.Extensions.dll
Registered in 0.002233 seconds.
Native extension for WindowsStandalone target not found
Native extension for OSXStandalone target not found
Native extension for WebGL target not found
Refreshing native plugins compatible for Editor in 40.44 ms, found 1 plugins.
Preloading 0 native plugins for Editor in 0.00 ms.
Invoked RoslynAnalysisRunner static constructor.
RoslynAnalysisRunner will not be running.
RoslynAnalysisRunner has terminated.
Mono: successfully reloaded assembly
- Completed reload, in  1.899 seconds
Platform modules already initialized, skipping
Registering precompiled user dll's ...
Registered in 0.000948 seconds.
Begin MonoManager ReloadAssembly
Native extension for WindowsStandalone target not found
Native extension for OSXStandalone target not found
Native extension for WebGL target not found
Refreshing native plugins compatible for Editor in 37.20 ms, found 1 plugins.
Preloading 0 native plugins for Editor in 0.00 ms.
Invoked RoslynAnalysisRunner static constructor.
RoslynAnalysisRunner will not be running.
RoslynAnalysisRunner has terminated.
Mono: successfully reloaded assembly
- Completed reload, in  0.818 seconds
Platform modules already initialized, skipping
========================================================================
Worker process is ready to serve import requests
Launched and connected shader compiler UnityShaderCompiler.exe after 0.05 seconds
Refreshing native plugins compatible for Editor in 0.40 ms, found 1 plugins.
Preloading 0 native plugins for Editor in 0.00 ms.
Unloading 1838 Unused Serialized files (Serialized files now loaded: 0)
System memory in use before: 87.1 MB.
System memory in use after: 87.2 MB.

Unloading 19 unused Assets to reduce memory usage. Loaded Objects now: 2285.
Total: 1.959500 ms (FindLiveObjects: 0.221900 ms CreateObjectMapping: 0.042000 ms MarkObjects: 1.636500 ms  DeleteObjects: 0.058100 ms)

========================================================================
Received Import Request.
  path: Assets/Scripts
  artifactKey: Guid(2cef3107682921340a7d8f835637380c) Importer(815301076,1909f56bfc062723c751e8b465ee728b)
Start importing Assets/Scripts using Guid(2cef3107682921340a7d8f835637380c) Importer(815301076,1909f56bfc062723c751e8b465ee728b)  -> (artifact id: '9bd68bf1c372220da9e4420c1ab61749') in 0.036958 seconds
  Import took 0.039716 seconds .

========================================================================
Received Import Request.
  Time since last request: 0.000186 seconds.
  path: Assets/Scripts/My_Joystick.cs
  artifactKey: Guid(2fb2b97104bdb664ab537dd481bad870) Importer(815301076,1909f56bfc062723c751e8b465ee728b)
Start importing Assets/Scripts/My_Joystick.cs using Guid(2fb2b97104bdb664ab537dd481bad870) Importer(815301076,1909f56bfc062723c751e8b465ee728b)  -> (artifact id: 'b5abf98a20f1c52d54616fc5bc125544') in 0.100829 seconds
  Import took 0.103801 seconds .

========================================================================
Received Prepare
Registering precompiled user dll's ...
Registered in 0.000884 seconds.
Begin MonoManager ReloadAssembly
Native extension for WindowsStandalone target not found
Native extension for OSXStandalone target not found
Native extension for WebGL target not found
Refreshing native plugins compatible for Editor in 0.38 ms, found 1 plugins.
Preloading 0 native plugins for Editor in 0.00 ms.
Invoked RoslynAnalysisRunner static constructor.
RoslynAnalysisRunner will not be running.
RoslynAnalysisRunner has terminated.
Mono: successfully reloaded assembly
- Completed reload, in  0.732 seconds
Platform modules already initialized, skipping
Refreshing native plugins compatible for Editor in 0.38 ms, found 1 plugins.
Preloading 0 native plugins for Editor in 0.00 ms.
Unloading 1817 Unused Serialized files (Serialized files now loaded: 0)
System memory in use before: 85.6 MB.
System memory in use after: 85.7 MB.

Unloading 8 unused Assets to reduce memory usage. Loaded Objects now: 2287.
Total: 1.997300 ms (FindLiveObjects: 0.232100 ms CreateObjectMapping: 0.041100 ms MarkObjects: 1.708000 ms  DeleteObjects: 0.015100 ms)

========================================================================
Received Import Request.
  Time since last request: 419.773392 seconds.
  path: Assets/Prefabs/Coffee Blast.prefab
  artifactKey: Guid(9c11cbb1ed2071249b2d82c4940aa7b9) Importer(815301076,1909f56bfc062723c751e8b465ee728b)
Start importing Assets/Prefabs/Coffee Blast.prefab using Guid(9c11cbb1ed2071249b2d82c4940aa7b9) Importer(815301076,1909f56bfc062723c751e8b465ee728b)  -> (artifact id: '9d56a897dd6455832c8c75466960cf39') in 0.083191 seconds
  Import took 0.086454 seconds .

========================================================================
Received Import Request.
  Time since last request: 0.000193 seconds.
  path: Assets/Prefabs/Steve.prefab
  artifactKey: Guid(f2b74edef30bdc54d96bfe40ec879c48) Importer(815301076,1909f56bfc062723c751e8b465ee728b)
Start importing Assets/Prefabs/Steve.prefab using Guid(f2b74edef30bdc54d96bfe40ec879c48) Importer(815301076,1909f56bfc062723c751e8b465ee728b)  -> (artifact id: '693ff2ebea9a409add75b76a1cd840ea') in 0.060116 seconds
  Import took 0.063914 seconds .

========================================================================
Received Import Request.
  Time since last request: 0.000223 seconds.
  path: Assets/Prefabs/Donut1.prefab
  artifactKey: Guid(48b5de7214fc8604fba5347be15b3f0c) Importer(815301076,1909f56bfc062723c751e8b465ee728b)
Start importing Assets/Prefabs/Donut1.prefab using Guid(48b5de7214fc8604fba5347be15b3f0c) Importer(815301076,1909f56bfc062723c751e8b465ee728b)  -> (artifact id: '6f4728d6681207a62b74c919fa7990bf') in 0.051373 seconds
  Import took 0.054570 seconds .

========================================================================
Received Import Request.
  Time since last request: 2.969181 seconds.
  path: Assets/Prefabs/Steve.prefab
  artifactKey: Guid(f2b74edef30bdc54d96bfe40ec879c48) Importer(815301076,1909f56bfc062723c751e8b465ee728b)
Start importing Assets/Prefabs/Steve.prefab using Guid(f2b74edef30bdc54d96bfe40ec879c48) Importer(815301076,1909f56bfc062723c751e8b465ee728b)  -> (artifact id: '483acbbc7e0599c1a070b8f0ae559d6b') in 0.030415 seconds
  Import took 0.034187 seconds .

========================================================================
Received Import Request.
  Time since last request: 9.564769 seconds.
  path: Assets/Prefabs
  artifactKey: Guid(8f9eef56aff557d43a7f98a64e44a6ca) Importer(815301076,1909f56bfc062723c751e8b465ee728b)
Start importing Assets/Prefabs using Guid(8f9eef56aff557d43a7f98a64e44a6ca) Importer(815301076,1909f56bfc062723c751e8b465ee728b)  -> (artifact id: 'a4ddff62549e957932c642ad970295c6') in 0.007252 seconds
  Import took 0.010551 seconds .

========================================================================
Received Import Request.
  Time since last request: 6.903594 seconds.
  path: Assets/Prefabs/Joysticks
  artifactKey: Guid(ad2087360af332348a7cd39f44f27284) Importer(815301076,1909f56bfc062723c751e8b465ee728b)
Start importing Assets/Prefabs/Joysticks using Guid(ad2087360af332348a7cd39f44f27284) Importer(815301076,1909f56bfc062723c751e8b465ee728b)  -> (artifact id: '70420d5d1cafde8291a3b200e727db81') in 0.007091 seconds
  Import took 0.010452 seconds .

========================================================================
Received Import Request.
  Time since last request: 15.806554 seconds.
  path: Assets/Prefabs/Joysticks/MoveJoystick.prefab
  artifactKey: Guid(a2ae050556d217b45bae2291de90f32a) Importer(815301076,1909f56bfc062723c751e8b465ee728b)
Start importing Assets/Prefabs/Joysticks/MoveJoystick.prefab using Guid(a2ae050556d217b45bae2291de90f32a) Importer(815301076,1909f56bfc062723c751e8b465ee728b)  -> (artifact id: 'd64a617ae28966c618e3789c579c6dbb') in 0.039938 seconds
  Import took 0.043741 seconds .

========================================================================
Received Import Request.
  Time since last request: 0.000757 seconds.
  path: Assets/Prefabs/Joysticks/MoveJoystick.prefab
  artifactKey: Guid(a2ae050556d217b45bae2291de90f32a) Importer(815301076,1909f56bfc062723c751e8b465ee728b)
Start importing Assets/Prefabs/Joysticks/MoveJoystick.prefab using Guid(a2ae050556d217b45bae2291de90f32a) Importer(815301076,1909f56bfc062723c751e8b465ee728b)  -> (artifact id: 'd64a617ae28966c618e3789c579c6dbb') in 0.005346 seconds
  Import took 0.008500 seconds .

========================================================================
Received Import Request.
  Time since last request: 3.869163 seconds.
  path: Assets/Prefabs/Joysticks/ShootJoystick.prefab
  artifactKey: Guid(4a738566302d3da4abab8fcf8e8bc78f) Importer(815301076,1909f56bfc062723c751e8b465ee728b)
Start importing Assets/Prefabs/Joysticks/ShootJoystick.prefab using Guid(4a738566302d3da4abab8fcf8e8bc78f) Importer(815301076,1909f56bfc062723c751e8b465ee728b)  -> (artifact id: '2f7d3a66e5cbb7c66dd15c34248dafa1') in 0.033086 seconds
  Import took 0.038980 seconds .

========================================================================
Received Prepare
Registering precompiled user dll's ...
Registered in 0.000738 seconds.
Begin MonoManager ReloadAssembly
Native extension for WindowsStandalone target not found
Native extension for OSXStandalone target not found
Native extension for WebGL target not found
Refreshing native plugins compatible for Editor in 0.41 ms, found 1 plugins.
Preloading 0 native plugins for Editor in 0.00 ms.
Invoked RoslynAnalysisRunner static constructor.
RoslynAnalysisRunner will not be running.
RoslynAnalysisRunner has terminated.
Mono: successfully reloaded assembly
- Completed reload, in  0.678 seconds
Platform modules already initialized, skipping
Refreshing native plugins compatible for Editor in 0.38 ms, found 1 plugins.
Preloading 0 native plugins for Editor in 0.00 ms.
Unloading 1818 Unused Serialized files (Serialized files now loaded: 0)
System memory in use before: 88.8 MB.
System memory in use after: 88.9 MB.

Unloading 8 unused Assets to reduce memory usage. Loaded Objects now: 2296.
Total: 1.999200 ms (FindLiveObjects: 0.228000 ms CreateObjectMapping: 0.038700 ms MarkObjects: 1.715200 ms  DeleteObjects: 0.016100 ms)

========================================================================
Received Prepare
Registering precompiled user dll's ...
Registered in 0.001049 seconds.
Begin MonoManager ReloadAssembly
Native extension for WindowsStandalone target not found
Native extension for OSXStandalone target not found
Native extension for WebGL target not found
Refreshing native plugins compatible for Editor in 0.38 ms, found 1 plugins.
Preloading 0 native plugins for Editor in 0.00 ms.
Invoked RoslynAnalysisRunner static constructor.
RoslynAnalysisRunner will not be running.
RoslynAnalysisRunner has terminated.
Mono: successfully reloaded assembly
- Completed reload, in  0.712 seconds
Platform modules already initialized, skipping
Refreshing native plugins compatible for Editor in 0.41 ms, found 1 plugins.
Preloading 0 native plugins for Editor in 0.00 ms.
Unloading 1818 Unused Serialized files (Serialized files now loaded: 0)
System memory in use before: 88.9 MB.
System memory in use after: 89.1 MB.

Unloading 8 unused Assets to reduce memory usage. Loaded Objects now: 2298.
Total: 2.004300 ms (FindLiveObjects: 0.220200 ms CreateObjectMapping: 0.039700 ms MarkObjects: 1.730000 ms  DeleteObjects: 0.013600 ms)

========================================================================
Received Import Request.
  Time since last request: 1542.355981 seconds.
  path: Assets/Scripts/Player.cs
  artifactKey: Guid(f50d3590e21135f40adeaf0b3a4c4a8f) Importer(815301076,1909f56bfc062723c751e8b465ee728b)
Start importing Assets/Scripts/Player.cs using Guid(f50d3590e21135f40adeaf0b3a4c4a8f) Importer(815301076,1909f56bfc062723c751e8b465ee728b)  -> (artifact id: 'e6daecbba059c48f47fbce4978e954e4') in 0.009478 seconds
  Import took 0.012802 seconds .

========================================================================
Received Import Request.
  Time since last request: 0.000944 seconds.
  path: Assets/Scripts/Player.cs
  artifactKey: Guid(f50d3590e21135f40adeaf0b3a4c4a8f) Importer(815301076,1909f56bfc062723c751e8b465ee728b)
Start importing Assets/Scripts/Player.cs using Guid(f50d3590e21135f40adeaf0b3a4c4a8f) Importer(815301076,1909f56bfc062723c751e8b465ee728b)  -> (artifact id: 'e6daecbba059c48f47fbce4978e954e4') in 0.002906 seconds
  Import took 0.005194 seconds .

========================================================================
Received Prepare
Registering precompiled user dll's ...
Registered in 0.000860 seconds.
Begin MonoManager ReloadAssembly
Native extension for WindowsStandalone target not found
Native extension for OSXStandalone target not found
Native extension for WebGL target not found
Refreshing native plugins compatible for Editor in 0.39 ms, found 1 plugins.
Preloading 0 native plugins for Editor in 0.00 ms.
Invoked RoslynAnalysisRunner static constructor.
RoslynAnalysisRunner will not be running.
RoslynAnalysisRunner has terminated.
Mono: successfully reloaded assembly
- Completed reload, in  0.728 seconds
Platform modules already initialized, skipping
Refreshing native plugins compatible for Editor in 0.40 ms, found 1 plugins.
Preloading 0 native plugins for Editor in 0.00 ms.
Unloading 1817 Unused Serialized files (Serialized files now loaded: 0)
System memory in use before: 89.0 MB.
System memory in use after: 89.1 MB.

Unloading 8 unused Assets to reduce memory usage. Loaded Objects now: 2300.
Total: 2.063300 ms (FindLiveObjects: 0.205500 ms CreateObjectMapping: 0.046100 ms MarkObjects: 1.793200 ms  DeleteObjects: 0.017500 ms)

========================================================================
Received Prepare
Registering precompiled user dll's ...
Registered in 0.000890 seconds.
Begin MonoManager ReloadAssembly
Native extension for WindowsStandalone target not found
Native extension for OSXStandalone target not found
Native extension for WebGL target not found
Refreshing native plugins compatible for Editor in 0.39 ms, found 1 plugins.
Preloading 0 native plugins for Editor in 0.00 ms.
Invoked RoslynAnalysisRunner static constructor.
RoslynAnalysisRunner will not be running.
RoslynAnalysisRunner has terminated.
Mono: successfully reloaded assembly
- Completed reload, in  0.698 seconds
Platform modules already initialized, skipping
Refreshing native plugins compatible for Editor in 0.40 ms, found 1 plugins.
Preloading 0 native plugins for Editor in 0.00 ms.
Unloading 1817 Unused Serialized files (Serialized files now loaded: 0)
System memory in use before: 89.1 MB.
System memory in use after: 89.2 MB.

Unloading 8 unused Assets to reduce memory usage. Loaded Objects now: 2302.
Total: 1.652900 ms (FindLiveObjects: 0.184000 ms CreateObjectMapping: 0.037000 ms MarkObjects: 1.419200 ms  DeleteObjects: 0.012000 ms)

AssetImportWorkerClient::OnTransportError - code=2 error=End of file
